{"level":"info","message":"⌛ Building environment","timeElapsed":112,"timestamp":"2025-11-01T01:41:30.966Z"}
{"level":"info","message":"⌛ Validating pokemon.wlk","timeElapsed":109,"timestamp":"2025-11-01T01:41:31.825Z"}
{"level":"info","message":"Removing diagnostics from /c:/Users/G/pokemon-game/assets/bulbasaur.png","timestamp":"2025-11-01T01:42:17.673Z"}
{"level":"info","message":"Removing diagnostics from /c:/Users/G/pokemon-game/assets/charmander.png","timestamp":"2025-11-01T01:42:20.667Z"}
{"level":"info","message":"Removing diagnostics from /c:/Users/G/pokemon-game/assets/pikachu.png","timestamp":"2025-11-01T01:42:24.695Z"}
{"level":"info","message":"⌛ Building environment","timeElapsed":104,"timestamp":"2025-11-01T01:42:29.043Z"}
{"level":"info","message":"Removing diagnostics from /c:/Users/G/pokemon-game/assets/selector.png","timestamp":"2025-11-01T01:42:29.146Z"}
{"level":"info","message":"Removing diagnostics from /c:/Users/G/pokemon-game/assets/squirtle.png","timestamp":"2025-11-01T01:42:32.645Z"}
{"level":"info","message":"Removing diagnostics from /c:/Users/G/pokemon-game/assets/squirtle copy.png","timestamp":"2025-11-01T01:42:38.996Z"}
{"level":"info","message":"Removing diagnostics from /c:/Users/G/pokemon-game/assets/selector copy.png","timestamp":"2025-11-01T01:42:50.344Z"}
{"level":"info","message":"Removing diagnostics from /c:/Users/G/pokemon-game/assets/pikachu org.png","timestamp":"2025-11-01T01:43:04.190Z"}
{"level":"info","message":"Removing diagnostics from /c:/Users/G/pokemon-game/assets/pikachu.png","timestamp":"2025-11-01T01:43:15.843Z"}
{"level":"info","message":"Removing diagnostics from /c:/Users/G/pokemon-game/assets/pikachu copy.png","timestamp":"2025-11-01T01:43:21.701Z"}
{"level":"info","message":"Removing diagnostics from /c:/Users/G/pokemon-game/assets/charmander copy.png","timestamp":"2025-11-01T01:43:31.539Z"}
{"level":"info","message":"Removing diagnostics from /c:/Users/G/pokemon-game/assets/bulbasaur copy.png","timestamp":"2025-11-01T01:43:35.750Z"}
{"level":"info","message":"🚀 Program executed \u001b[3m\u001b[34mjuego.juegoInicio\u001b[39m\u001b[23m on \u001b[3m\u001b[34mc:\\Users\\G\\pokemon-game\u001b[39m\u001b[23m","ok":true,"timeElapsed":217,"timestamp":"2025-11-01T01:43:54.673Z"}
{"exitCode":"SIGHUP","level":"info","message":"👾 Game executed juego.juegoInicio on c:\\Users\\G\\pokemon-game","timeElapsed":89235,"timestamp":"2025-11-01T01:45:23.695Z"}
{"level":"info","message":"⌛ Building environment","timeElapsed":138,"timestamp":"2025-11-01T07:41:31.597Z"}
{"level":"info","message":"⌛ Building environment","timeElapsed":136,"timestamp":"2025-11-01T07:41:31.736Z"}
{"level":"info","message":"⌛ Validating juego.wpgm","timeElapsed":152,"timestamp":"2025-11-01T07:41:33.411Z"}
{"level":"info","message":"⌛ Building environment","timeElapsed":111,"timestamp":"2025-11-01T07:41:33.526Z"}
{"level":"info","message":"⌛ Validating pokemon.wlk","timeElapsed":123,"timestamp":"2025-11-01T07:41:33.863Z"}
{"level":"info","message":"⌛ Validating juego.wpgm","timeElapsed":103,"timestamp":"2025-11-01T07:41:33.968Z"}
{"error":["Error [ERR_UNSUPPORTED_ESM_URL_SCHEME]: Only URLs with a scheme in: file, data, and node are supported by the default ESM loader. On Windows, absolute paths must be valid file:// URLs. Received protocol 'c:'","  at throwIfUnsupportedURLScheme (node:internal/modules/esm/load:187:11)","  at defaultLoad (node:internal/modules/esm/load:82:3)","  at ModuleLoader.load (node:internal/modules/esm/loader:815:12)","  at ModuleLoader.loadAndTranslate (node:internal/modules/esm/loader:594:31)","  at #createModuleJob (node:internal/modules/esm/loader:624:36)","  at #getJobFromResolveResult (node:internal/modules/esm/loader:343:34)","  at ModuleLoader.getModuleJobForImport (node:internal/modules/esm/loader:311:41)","  at async onImport.tracePromise.__proto__ (node:internal/modules/esm/loader:664:25"],"level":"info","message":"🚀 Program executed \u001b[3m\u001b[34mjuego.juegoInicio\u001b[39m\u001b[23m on \u001b[3m\u001b[34mc:\\Users\\G\\pokemon-game\u001b[39m\u001b[23m","ok":false,"timeElapsed":181,"timestamp":"2025-11-01T07:56:36.155Z"}
{"error":["Error [ERR_UNSUPPORTED_ESM_URL_SCHEME]: Only URLs with a scheme in: file, data, and node are supported by the default ESM loader. On Windows, absolute paths must be valid file:// URLs. Received protocol 'c:'","  at throwIfUnsupportedURLScheme (node:internal/modules/esm/load:187:11)","  at defaultLoad (node:internal/modules/esm/load:82:3)","  at ModuleLoader.load (node:internal/modules/esm/loader:815:12)","  at ModuleLoader.loadAndTranslate (node:internal/modules/esm/loader:594:31)","  at #createModuleJob (node:internal/modules/esm/loader:624:36)","  at #getJobFromResolveResult (node:internal/modules/esm/loader:343:34)","  at ModuleLoader.getModuleJobForImport (node:internal/modules/esm/loader:311:41)","  at async onImport.tracePromise.__proto__ (node:internal/modules/esm/loader:664:25"],"level":"info","message":"🚀 Program executed \u001b[3m\u001b[34mjuego.wpgm\u001b[39m\u001b[23m on \u001b[3m\u001b[34mC:\\Users\\G\\pokemon-game\u001b[39m\u001b[23m","ok":false,"timeElapsed":278,"timestamp":"2025-11-01T07:58:46.664Z"}
{"error":["Error [ERR_UNSUPPORTED_ESM_URL_SCHEME]: Only URLs with a scheme in: file, data, and node are supported by the default ESM loader. On Windows, absolute paths must be valid file:// URLs. Received protocol 'c:'","  at throwIfUnsupportedURLScheme (node:internal/modules/esm/load:187:11)","  at defaultLoad (node:internal/modules/esm/load:82:3)","  at ModuleLoader.load (node:internal/modules/esm/loader:815:12)","  at ModuleLoader.loadAndTranslate (node:internal/modules/esm/loader:594:31)","  at #createModuleJob (node:internal/modules/esm/loader:624:36)","  at #getJobFromResolveResult (node:internal/modules/esm/loader:343:34)","  at ModuleLoader.getModuleJobForImport (node:internal/modules/esm/loader:311:41)","  at async onImport.tracePromise.__proto__ (node:internal/modules/esm/loader:664:25"],"level":"info","message":"🚀 Program executed \u001b[3m\u001b[34m./juego.wpgm\u001b[39m\u001b[23m on \u001b[3m\u001b[34mC:\\Users\\G\\pokemon-game\u001b[39m\u001b[23m","ok":false,"timeElapsed":284,"timestamp":"2025-11-01T07:59:26.842Z"}
{"error":["Error [ERR_UNSUPPORTED_ESM_URL_SCHEME]: Only URLs with a scheme in: file, data, and node are supported by the default ESM loader. On Windows, absolute paths must be valid file:// URLs. Received protocol 'c:'","  at throwIfUnsupportedURLScheme (node:internal/modules/esm/load:187:11)","  at defaultLoad (node:internal/modules/esm/load:82:3)","  at ModuleLoader.load (node:internal/modules/esm/loader:815:12)","  at ModuleLoader.loadAndTranslate (node:internal/modules/esm/loader:594:31)","  at #createModuleJob (node:internal/modules/esm/loader:624:36)","  at #getJobFromResolveResult (node:internal/modules/esm/loader:343:34)","  at ModuleLoader.getModuleJobForImport (node:internal/modules/esm/loader:311:41)","  at async onImport.tracePromise.__proto__ (node:internal/modules/esm/loader:664:25"],"level":"info","message":"🚀 Program executed \u001b[3m\u001b[34mfile://C:/Users/G/pokemon-game/juego.wpgm\u001b[39m\u001b[23m on \u001b[3m\u001b[34mC:\\Users\\G\\pokemon-game\u001b[39m\u001b[23m","ok":false,"timeElapsed":277,"timestamp":"2025-11-01T07:59:35.864Z"}
{"error":["Error [ERR_UNSUPPORTED_ESM_URL_SCHEME]: Only URLs with a scheme in: file, data, and node are supported by the default ESM loader. On Windows, absolute paths must be valid file:// URLs. Received protocol 'c:'","  at throwIfUnsupportedURLScheme (node:internal/modules/esm/load:187:11)","  at defaultLoad (node:internal/modules/esm/load:82:3)","  at ModuleLoader.load (node:internal/modules/esm/loader:815:12)","  at ModuleLoader.loadAndTranslate (node:internal/modules/esm/loader:594:31)","  at #createModuleJob (node:internal/modules/esm/loader:624:36)","  at #getJobFromResolveResult (node:internal/modules/esm/loader:343:34)","  at ModuleLoader.getModuleJobForImport (node:internal/modules/esm/loader:311:41)","  at async onImport.tracePromise.__proto__ (node:internal/modules/esm/loader:664:25"],"level":"info","message":"🚀 Program executed file://C:/Users/G/pokemon-game/juego.wpgm on C:\\Users\\G\\pokemon-game","ok":false,"timeElapsed":277,"timestamp":"2025-11-01T08:03:21.390Z"}
{"level":"info","message":"Removing diagnostics from /c:/Users/G/pokemon-game/package-lock.json","timestamp":"2025-11-01T08:06:55.538Z"}
{"level":"info","message":"Removing diagnostics from /c:/Users/G/pokemon-game/package.json","timestamp":"2025-11-01T08:06:58.122Z"}
{"level":"info","message":"Removing diagnostics from /c:/Users/G/pokemon-game/runGame.js","timestamp":"2025-11-01T08:07:01.434Z"}
{"level":"info","message":"Removing diagnostics from /c:/Users/G/pokemon-game/node_modules","timestamp":"2025-11-01T08:07:05.358Z"}
{"level":"info","message":"🚀 Program executed \u001b[3m\u001b[34mjuego.juegoInicio\u001b[39m\u001b[23m on \u001b[3m\u001b[34mc:\\Users\\G\\pokemon-game\u001b[39m\u001b[23m","ok":true,"timeElapsed":220,"timestamp":"2025-11-01T08:07:32.499Z"}
{"exitCode":"SIGHUP","level":"info","message":"👾 Game executed juego.juegoInicio on c:\\Users\\G\\pokemon-game","timeElapsed":113265,"timestamp":"2025-11-01T08:09:25.544Z"}
{"error":["Error [ERR_UNSUPPORTED_ESM_URL_SCHEME]: Only URLs with a scheme in: file, data, and node are supported by the default ESM loader. On Windows, absolute paths must be valid file:// URLs. Received protocol 'c:'","  at throwIfUnsupportedURLScheme (node:internal/modules/esm/load:187:11)","  at defaultLoad (node:internal/modules/esm/load:82:3)","  at ModuleLoader.load (node:internal/modules/esm/loader:815:12)","  at ModuleLoader.loadAndTranslate (node:internal/modules/esm/loader:594:31)","  at #createModuleJob (node:internal/modules/esm/loader:624:36)","  at #getJobFromResolveResult (node:internal/modules/esm/loader:343:34)","  at ModuleLoader.getModuleJobForImport (node:internal/modules/esm/loader:311:41)","  at async onImport.tracePromise.__proto__ (node:internal/modules/esm/loader:664:25"],"level":"info","message":"🚀 Program executed \u001b[3m\u001b[34m./juego.wpgm\u001b[39m\u001b[23m on \u001b[3m\u001b[34mC:\\Users\\G\\pokemon-game\u001b[39m\u001b[23m","ok":false,"timeElapsed":281,"timestamp":"2025-11-01T08:10:07.383Z"}
{"error":["Error [ERR_UNSUPPORTED_ESM_URL_SCHEME]: Only URLs with a scheme in: file, data, and node are supported by the default ESM loader. On Windows, absolute paths must be valid file:// URLs. Received protocol 'c:'","  at throwIfUnsupportedURLScheme (node:internal/modules/esm/load:187:11)","  at defaultLoad (node:internal/modules/esm/load:82:3)","  at ModuleLoader.load (node:internal/modules/esm/loader:815:12)","  at ModuleLoader.loadAndTranslate (node:internal/modules/esm/loader:594:31)","  at #createModuleJob (node:internal/modules/esm/loader:624:36)","  at #getJobFromResolveResult (node:internal/modules/esm/loader:343:34)","  at ModuleLoader.getModuleJobForImport (node:internal/modules/esm/loader:311:41)","  at async onImport.tracePromise.__proto__ (node:internal/modules/esm/loader:664:25"],"level":"info","message":"🚀 Program executed \u001b[3m\u001b[34mjuego.juegoInicio\u001b[39m\u001b[23m on \u001b[3m\u001b[34mc:\\Users\\G\\pokemon-game\u001b[39m\u001b[23m","ok":false,"timeElapsed":182,"timestamp":"2025-11-01T08:37:01.437Z"}
{"level":"info","message":"Removing diagnostics from /c:/Users/G/pokemon-game/node_modules","timestamp":"2025-11-01T08:37:39.189Z"}
{"level":"info","message":"Removing diagnostics from /c:/Users/G/pokemon-game/package.json","timestamp":"2025-11-01T08:37:42.476Z"}
{"level":"info","message":"Removing diagnostics from /c:/Users/G/pokemon-game/package-lock.json","timestamp":"2025-11-01T08:37:45.205Z"}
{"level":"info","message":"🚀 Program executed \u001b[3m\u001b[34mjuego.juegoInicio\u001b[39m\u001b[23m on \u001b[3m\u001b[34mc:\\Users\\G\\pokemon-game\u001b[39m\u001b[23m","ok":true,"timeElapsed":215,"timestamp":"2025-11-01T08:38:05.481Z"}
{"exitCode":"SIGHUP","level":"info","message":"👾 Game executed juego.juegoInicio on c:\\Users\\G\\pokemon-game","timeElapsed":14649,"timestamp":"2025-11-01T08:38:19.915Z"}
{"level":"info","message":"🚀 Program executed \u001b[3m\u001b[34mjuego.juegoInicio\u001b[39m\u001b[23m on \u001b[3m\u001b[34mc:\\Users\\G\\pokemon-game\u001b[39m\u001b[23m","ok":true,"timeElapsed":214,"timestamp":"2025-11-01T08:38:47.679Z"}
{"exitCode":"SIGHUP","level":"info","message":"👾 Game executed juego.juegoInicio on c:\\Users\\G\\pokemon-game","timeElapsed":76911,"timestamp":"2025-11-01T08:40:04.374Z"}
{"level":"info","message":"🚀 Program executed \u001b[3m\u001b[34mjuego.juegoInicio\u001b[39m\u001b[23m on \u001b[3m\u001b[34mc:\\Users\\G\\pokemon-game\u001b[39m\u001b[23m","ok":true,"timeElapsed":218,"timestamp":"2025-11-01T08:45:33.632Z"}
{"level":"info","message":"⌛ Building environment","timeElapsed":101,"timestamp":"2025-11-01T08:45:51.114Z"}
{"exitCode":"SIGHUP","level":"info","message":"👾 Game executed juego.juegoInicio on c:\\Users\\G\\pokemon-game","timeElapsed":65771,"timestamp":"2025-11-01T08:46:39.182Z"}
{"level":"info","message":"⌛ Building environment","timeElapsed":113,"timestamp":"2025-11-01T08:46:44.037Z"}
{"level":"info","message":"⌛ Building environment","timeElapsed":120,"timestamp":"2025-11-01T08:46:44.159Z"}
{"level":"info","message":"⌛ Validating juego.wpgm","timeElapsed":120,"timestamp":"2025-11-01T08:46:44.530Z"}
{"level":"info","message":"⌛ Building environment","timeElapsed":116,"timestamp":"2025-11-01T08:46:53.430Z"}
{"level":"info","message":"⌛ Validating juego.wpgm","timeElapsed":104,"timestamp":"2025-11-01T08:48:45.284Z"}
{"level":"info","message":"⌛ Building environment","timeElapsed":128,"timestamp":"2025-11-01T08:48:52.809Z"}
{"level":"info","message":"🚀 Program executed \u001b[3m\u001b[34mjuego.juegoInicio\u001b[39m\u001b[23m on \u001b[3m\u001b[34mc:\\Users\\G\\pokemon-game\u001b[39m\u001b[23m","ok":true,"timeElapsed":295,"timestamp":"2025-11-01T08:49:16.115Z"}
{"exitCode":"SIGHUP","level":"info","message":"👾 Game executed juego.juegoInicio on c:\\Users\\G\\pokemon-game","timeElapsed":575312,"timestamp":"2025-11-01T08:58:51.132Z"}
{"level":"info","message":"🚀 Program executed \u001b[3m\u001b[34mjuego.juegoInicio\u001b[39m\u001b[23m on \u001b[3m\u001b[34mc:\\Users\\G\\pokemon-game\u001b[39m\u001b[23m","ok":true,"timeElapsed":295,"timestamp":"2025-11-01T08:58:52.955Z"}
{"exitCode":"SIGHUP","level":"info","message":"👾 Game executed juego.juegoInicio on c:\\Users\\G\\pokemon-game","timeElapsed":47659,"timestamp":"2025-11-01T08:59:40.319Z"}
{"level":"info","message":"🚀 Program executed \u001b[3m\u001b[34mjuego.juegoInicio\u001b[39m\u001b[23m on \u001b[3m\u001b[34mc:\\Users\\G\\pokemon-game\u001b[39m\u001b[23m","ok":true,"timeElapsed":237,"timestamp":"2025-11-01T08:59:41.448Z"}
{"level":"info","message":"⌛ Building environment","timeElapsed":109,"timestamp":"2025-11-01T09:00:09.762Z"}
{"level":"info","message":"⌛ Building environment","timeElapsed":105,"timestamp":"2025-11-01T09:00:10.145Z"}
{"exitCode":"SIGHUP","level":"info","message":"👾 Game executed juego.juegoInicio on c:\\Users\\G\\pokemon-game","timeElapsed":53001,"timestamp":"2025-11-01T09:00:34.211Z"}
{"level":"info","message":"🚀 Program executed \u001b[3m\u001b[34mjuego.juegoInicio\u001b[39m\u001b[23m on \u001b[3m\u001b[34mc:\\Users\\G\\pokemon-game\u001b[39m\u001b[23m","ok":true,"timeElapsed":236,"timestamp":"2025-11-01T09:00:35.279Z"}
{"exitCode":"SIGHUP","level":"info","message":"👾 Game executed juego.juegoInicio on c:\\Users\\G\\pokemon-game","timeElapsed":35073,"timestamp":"2025-11-01T09:01:10.115Z"}
{"level":"info","message":"🚀 Program executed \u001b[3m\u001b[34mjuego.juegoInicio\u001b[39m\u001b[23m on \u001b[3m\u001b[34mc:\\Users\\G\\pokemon-game\u001b[39m\u001b[23m","ok":true,"timeElapsed":232,"timestamp":"2025-11-01T09:01:11.172Z"}
{"exitCode":"SIGHUP","level":"info","message":"👾 Game executed juego.juegoInicio on c:\\Users\\G\\pokemon-game","timeElapsed":80040,"timestamp":"2025-11-01T09:02:30.980Z"}
{"level":"info","message":"🚀 Program executed \u001b[3m\u001b[34mjuego.juegoInicio\u001b[39m\u001b[23m on \u001b[3m\u001b[34mc:\\Users\\G\\pokemon-game\u001b[39m\u001b[23m","ok":true,"timeElapsed":319,"timestamp":"2025-11-01T09:02:32.199Z"}
{"exitCode":"SIGHUP","level":"info","message":"👾 Game executed juego.juegoInicio on c:\\Users\\G\\pokemon-game","timeElapsed":72541,"timestamp":"2025-11-01T09:03:44.419Z"}
{"level":"info","message":"🚀 Program executed \u001b[3m\u001b[34mjuego.juegoInicio\u001b[39m\u001b[23m on \u001b[3m\u001b[34mc:\\Users\\G\\pokemon-game\u001b[39m\u001b[23m","ok":true,"timeElapsed":295,"timestamp":"2025-11-01T09:03:45.605Z"}
{"level":"info","message":"⌛ Building environment","timeElapsed":123,"timestamp":"2025-11-01T09:04:09.506Z"}
{"level":"info","message":"⌛ Building environment","timeElapsed":121,"timestamp":"2025-11-01T09:04:19.197Z"}
{"level":"info","message":"⌛ Building environment","timeElapsed":152,"timestamp":"2025-11-01T09:04:19.350Z"}
{"level":"info","message":"⌛ Building environment","timeElapsed":109,"timestamp":"2025-11-01T09:04:19.580Z"}
{"level":"info","message":"⌛ Validating juego.wpgm","timeElapsed":110,"timestamp":"2025-11-01T09:04:19.966Z"}
{"exitCode":"SIGHUP","level":"info","message":"👾 Game executed juego.juegoInicio on c:\\Users\\G\\pokemon-game","timeElapsed":83281,"timestamp":"2025-11-01T09:05:08.584Z"}
{"level":"info","message":"🚀 Program executed \u001b[3m\u001b[34mjuego.juegoInicio\u001b[39m\u001b[23m on \u001b[3m\u001b[34mc:\\Users\\G\\pokemon-game\u001b[39m\u001b[23m","ok":true,"timeElapsed":229,"timestamp":"2025-11-01T09:05:10.334Z"}
{"exitCode":"SIGHUP","level":"info","message":"👾 Game executed juego.juegoInicio on c:\\Users\\G\\pokemon-game","timeElapsed":19166,"timestamp":"2025-11-01T09:05:29.270Z"}
{"level":"info","message":"🚀 Program executed \u001b[3m\u001b[34mjuego.juegoInicio\u001b[39m\u001b[23m on \u001b[3m\u001b[34mc:\\Users\\G\\pokemon-game\u001b[39m\u001b[23m","ok":true,"timeElapsed":303,"timestamp":"2025-11-01T09:05:30.454Z"}
{"exitCode":"SIGHUP","level":"info","message":"👾 Game executed juego.juegoInicio on c:\\Users\\G\\pokemon-game","timeElapsed":15751,"timestamp":"2025-11-01T09:05:45.901Z"}
{"level":"info","message":"🚀 Program executed \u001b[3m\u001b[34mjuego.juegoInicio\u001b[39m\u001b[23m on \u001b[3m\u001b[34mc:\\Users\\G\\pokemon-game\u001b[39m\u001b[23m","ok":true,"timeElapsed":316,"timestamp":"2025-11-01T09:05:47.098Z"}
{"exitCode":"SIGHUP","level":"info","message":"👾 Game executed juego.juegoInicio on c:\\Users\\G\\pokemon-game","timeElapsed":24950,"timestamp":"2025-11-01T09:06:11.732Z"}
{"level":"info","message":"🚀 Program executed \u001b[3m\u001b[34mjuego.juegoInicio\u001b[39m\u001b[23m on \u001b[3m\u001b[34mc:\\Users\\G\\pokemon-game\u001b[39m\u001b[23m","ok":true,"timeElapsed":291,"timestamp":"2025-11-01T09:06:12.913Z"}
{"exitCode":"SIGHUP","level":"info","message":"👾 Game executed juego.juegoInicio on c:\\Users\\G\\pokemon-game","timeElapsed":3427800,"timestamp":"2025-11-01T10:03:20.422Z"}
{"level":"info","message":"🚀 Program executed \u001b[3m\u001b[34mjuego.juegoInicio\u001b[39m\u001b[23m on \u001b[3m\u001b[34mc:\\Users\\G\\pokemon-game\u001b[39m\u001b[23m","ok":true,"timeElapsed":288,"timestamp":"2025-11-01T10:03:22.301Z"}
{"level":"info","message":"⌛ Building environment","timeElapsed":102,"timestamp":"2025-11-01T10:04:47.496Z"}
{"exitCode":"SIGHUP","level":"info","message":"👾 Game executed juego.juegoInicio on c:\\Users\\G\\pokemon-game","timeElapsed":103691,"timestamp":"2025-11-01T10:05:05.705Z"}
{"level":"info","message":"🚀 Program executed \u001b[3m\u001b[34mjuego.juegoInicio\u001b[39m\u001b[23m on \u001b[3m\u001b[34mc:\\Users\\G\\pokemon-game\u001b[39m\u001b[23m","ok":true,"timeElapsed":228,"timestamp":"2025-11-01T10:05:06.787Z"}
{"exitCode":"SIGHUP","level":"info","message":"👾 Game executed juego.juegoInicio on c:\\Users\\G\\pokemon-game","timeElapsed":48803,"timestamp":"2025-11-01T10:05:55.361Z"}
{"level":"info","message":"🚀 Program executed \u001b[3m\u001b[34mjuego.juegoInicio\u001b[39m\u001b[23m on \u001b[3m\u001b[34mc:\\Users\\G\\pokemon-game\u001b[39m\u001b[23m","ok":true,"timeElapsed":228,"timestamp":"2025-11-01T10:05:56.446Z"}
{"exitCode":"SIGHUP","level":"info","message":"👾 Game executed juego.juegoInicio on c:\\Users\\G\\pokemon-game","timeElapsed":21457,"timestamp":"2025-11-01T10:06:17.675Z"}
{"level":"info","message":"🚀 Program executed \u001b[3m\u001b[34mjuego.juegoInicio\u001b[39m\u001b[23m on \u001b[3m\u001b[34mc:\\Users\\G\\pokemon-game\u001b[39m\u001b[23m","ok":true,"timeElapsed":279,"timestamp":"2025-11-01T10:06:18.824Z"}
{"exitCode":"SIGHUP","level":"info","message":"👾 Game executed juego.juegoInicio on c:\\Users\\G\\pokemon-game","timeElapsed":18599,"timestamp":"2025-11-01T10:06:37.144Z"}
{"level":"info","message":"🚀 Program executed \u001b[3m\u001b[34mjuego.juegoInicio\u001b[39m\u001b[23m on \u001b[3m\u001b[34mc:\\Users\\G\\pokemon-game\u001b[39m\u001b[23m","ok":true,"timeElapsed":225,"timestamp":"2025-11-01T10:06:38.196Z"}
{"exitCode":"SIGHUP","level":"info","message":"👾 Game executed juego.juegoInicio on c:\\Users\\G\\pokemon-game","timeElapsed":14486,"timestamp":"2025-11-01T10:06:52.457Z"}
{"level":"info","message":"🚀 Program executed \u001b[3m\u001b[34mjuego.juegoInicio\u001b[39m\u001b[23m on \u001b[3m\u001b[34mc:\\Users\\G\\pokemon-game\u001b[39m\u001b[23m","ok":true,"timeElapsed":219,"timestamp":"2025-11-01T10:06:53.506Z"}
{"exitCode":"SIGHUP","level":"info","message":"👾 Game executed juego.juegoInicio on c:\\Users\\G\\pokemon-game","timeElapsed":14869,"timestamp":"2025-11-01T10:07:08.156Z"}
{"level":"info","message":"🚀 Program executed \u001b[3m\u001b[34mjuego.juegoInicio\u001b[39m\u001b[23m on \u001b[3m\u001b[34mc:\\Users\\G\\pokemon-game\u001b[39m\u001b[23m","ok":true,"timeElapsed":274,"timestamp":"2025-11-01T10:07:09.380Z"}
{"exitCode":"SIGHUP","level":"info","message":"👾 Game executed juego.juegoInicio on c:\\Users\\G\\pokemon-game","timeElapsed":204416,"timestamp":"2025-11-01T10:10:33.523Z"}
{"level":"info","message":"🚀 Program executed \u001b[3m\u001b[34mjuego.juegoInicio\u001b[39m\u001b[23m on \u001b[3m\u001b[34mc:\\Users\\G\\pokemon-game\u001b[39m\u001b[23m","ok":true,"timeElapsed":274,"timestamp":"2025-11-01T10:10:35.348Z"}
{"exitCode":"SIGHUP","level":"info","message":"👾 Game executed juego.juegoInicio on c:\\Users\\G\\pokemon-game","timeElapsed":37440,"timestamp":"2025-11-01T10:11:12.513Z"}
{"level":"info","message":"🚀 Program executed \u001b[3m\u001b[34mjuego.juegoInicio\u001b[39m\u001b[23m on \u001b[3m\u001b[34mc:\\Users\\G\\pokemon-game\u001b[39m\u001b[23m","ok":true,"timeElapsed":280,"timestamp":"2025-11-01T10:11:13.683Z"}
{"exitCode":"SIGHUP","level":"info","message":"👾 Game executed juego.juegoInicio on c:\\Users\\G\\pokemon-game","timeElapsed":11058,"timestamp":"2025-11-01T10:11:24.461Z"}
{"level":"info","message":"🚀 Program executed \u001b[3m\u001b[34mjuego.juegoInicio\u001b[39m\u001b[23m on \u001b[3m\u001b[34mc:\\Users\\G\\pokemon-game\u001b[39m\u001b[23m","ok":true,"timeElapsed":277,"timestamp":"2025-11-01T10:11:25.646Z"}
{"level":"info","message":"⌛ Building environment","timeElapsed":107,"timestamp":"2025-11-01T10:13:43.891Z"}
{"level":"info","message":"⌛ Validating juego.wpgm","timeElapsed":114,"timestamp":"2025-11-01T10:13:46.677Z"}
{"level":"info","message":"⌛ Validating juego.wpgm","timeElapsed":110,"timestamp":"2025-11-01T10:13:46.789Z"}
{"level":"info","message":"⌛ Validating juego.wpgm","timeElapsed":119,"timestamp":"2025-11-01T10:13:47.013Z"}
{"level":"info","message":"⌛ Building environment","timeElapsed":120,"timestamp":"2025-11-01T10:13:51.838Z"}
{"level":"info","message":"⌛ Building environment","timeElapsed":107,"timestamp":"2025-11-01T10:13:57.335Z"}
{"level":"info","message":"⌛ Validating juego.wpgm","timeElapsed":102,"timestamp":"2025-11-01T10:13:58.603Z"}
{"level":"info","message":"⌛ Validating juego.wpgm","timeElapsed":119,"timestamp":"2025-11-01T10:13:58.723Z"}
{"level":"info","message":"⌛ Building environment","timeElapsed":140,"timestamp":"2025-11-01T10:14:03.995Z"}
{"exitCode":"SIGHUP","level":"info","message":"👾 Game executed juego.juegoInicio on c:\\Users\\G\\pokemon-game","timeElapsed":899933,"timestamp":"2025-11-01T10:26:25.435Z"}
{"level":"info","message":"🚀 Program executed \u001b[3m\u001b[34mjuego.juegoInicio\u001b[39m\u001b[23m on \u001b[3m\u001b[34mc:\\Users\\G\\pokemon-game\u001b[39m\u001b[23m","ok":true,"timeElapsed":206,"timestamp":"2025-11-01T10:26:27.265Z"}
{"exitCode":"SIGHUP","level":"info","message":"👾 Game executed juego.juegoInicio on c:\\Users\\G\\pokemon-game","timeElapsed":54704,"timestamp":"2025-11-01T10:27:21.762Z"}
{"level":"info","message":"🚀 Program executed \u001b[3m\u001b[34mjuego.juegoInicio\u001b[39m\u001b[23m on \u001b[3m\u001b[34mc:\\Users\\G\\pokemon-game\u001b[39m\u001b[23m","ok":true,"timeElapsed":262,"timestamp":"2025-11-01T10:27:22.931Z"}
{"exitCode":"SIGHUP","level":"info","message":"👾 Game executed juego.juegoInicio on c:\\Users\\G\\pokemon-game","timeElapsed":15379,"timestamp":"2025-11-01T10:27:38.047Z"}
{"level":"info","message":"🚀 Program executed \u001b[3m\u001b[34mjuego.juegoInicio\u001b[39m\u001b[23m on \u001b[3m\u001b[34mc:\\Users\\G\\pokemon-game\u001b[39m\u001b[23m","ok":true,"timeElapsed":267,"timestamp":"2025-11-01T10:27:39.211Z"}
{"exitCode":"SIGHUP","level":"info","message":"👾 Game executed juego.juegoInicio on c:\\Users\\G\\pokemon-game","timeElapsed":23082,"timestamp":"2025-11-01T10:28:02.024Z"}
{"level":"info","message":"🚀 Program executed \u001b[3m\u001b[34mjuego.juegoInicio\u001b[39m\u001b[23m on \u001b[3m\u001b[34mc:\\Users\\G\\pokemon-game\u001b[39m\u001b[23m","ok":true,"timeElapsed":259,"timestamp":"2025-11-01T10:28:03.172Z"}
{"exitCode":"SIGHUP","level":"info","message":"👾 Game executed juego.juegoInicio on c:\\Users\\G\\pokemon-game","timeElapsed":216731,"timestamp":"2025-11-01T10:31:39.704Z"}
{"level":"info","message":"🚀 Program executed \u001b[3m\u001b[34mjuego.juegoInicio\u001b[39m\u001b[23m on \u001b[3m\u001b[34mc:\\Users\\G\\pokemon-game\u001b[39m\u001b[23m","ok":true,"timeElapsed":207,"timestamp":"2025-11-01T10:31:42.623Z"}
{"level":"info","message":"⌛ Validating juego.wpgm","timeElapsed":108,"timestamp":"2025-11-01T10:32:27.250Z"}
{"level":"info","message":"⌛ Building environment","timeElapsed":104,"timestamp":"2025-11-01T10:32:30.452Z"}
{"level":"info","message":"⌛ Validating juego.wpgm","timeElapsed":126,"timestamp":"2025-11-01T10:34:52.088Z"}
{"exitCode":"SIGHUP","level":"info","message":"👾 Game executed juego.juegoInicio on c:\\Users\\G\\pokemon-game","timeElapsed":228633,"timestamp":"2025-11-01T10:35:31.107Z"}
{"level":"info","message":"🚀 Program executed \u001b[3m\u001b[34mjuego.juegoInicio\u001b[39m\u001b[23m on \u001b[3m\u001b[34mc:\\Users\\G\\pokemon-game\u001b[39m\u001b[23m","ok":true,"timeElapsed":226,"timestamp":"2025-11-01T10:35:32.174Z"}
{"exitCode":"SIGHUP","level":"info","message":"👾 Game executed juego.juegoInicio on c:\\Users\\G\\pokemon-game","timeElapsed":94290,"timestamp":"2025-11-01T10:37:06.254Z"}
